<?xml version="1.0" encoding="UTF-8"?>
<testsuite name="steps.HomeStep" tests="1" skipped="0" failures="0" errors="0" timestamp="2025-10-18T21:12:07.211Z" hostname="Sayantans-MacBook-Air.local" time="0.005">
  <properties/>
  <testcase name="getTitle" classname="steps.HomeStep" time="0.005"/>
  <system-out><![CDATA[]]></system-out>
  <system-err><![CDATA[]]></system-err>
</testsuite>
