<?xml version="1.0" encoding="UTF-8"?>
<testsuite name="steps.LoginSteps" tests="1" skipped="0" failures="0" errors="0" timestamp="2025-10-18T21:12:07.223Z" hostname="Sayantans-MacBook-Air.local" time="3.494">
  <properties/>
  <testcase name="completeLoginFlow" classname="steps.LoginSteps" time="3.494"/>
  <system-out><![CDATA[Clicking on element: [[FirefoxDriver: firefox on mac (7e09b7cc-e75e-479f-861f-c52cf9aba025)] -> css selector: a.ico-login]
Clicked on element: [[FirefoxDriver: firefox on mac (7e09b7cc-e75e-479f-861f-c52cf9aba025)] -> css selector: a.ico-login]
Sending keys to element: [[FirefoxDriver: firefox on mac (7e09b7cc-e75e-479f-861f-c52cf9aba025)] -> css selector: input.email] - Keys: test@example.com
Sent keys to element: [[FirefoxDriver: firefox on mac (7e09b7cc-e75e-479f-861f-c52cf9aba025)] -> css selector: input.email] - Keys: test@example.com
Sending keys to element: [[FirefoxDriver: firefox on mac (7e09b7cc-e75e-479f-861f-c52cf9aba025)] -> css selector: input.password] - Keys: password123
Sent keys to element: [[FirefoxDriver: firefox on mac (7e09b7cc-e75e-479f-861f-c52cf9aba025)] -> css selector: input.password] - Keys: password123
Clicking on element: [[FirefoxDriver: firefox on mac (7e09b7cc-e75e-479f-861f-c52cf9aba025)] -> css selector: input.button-1.login-button]
Clicked on element: [[FirefoxDriver: firefox on mac (7e09b7cc-e75e-479f-861f-c52cf9aba025)] -> css selector: input.button-1.login-button]
]]></system-out>
  <system-err><![CDATA[]]></system-err>
</testsuite>
